<?xml version="1.0" encoding="utf-8"?><testsuites name="pytest tests"><testsuite name="pytest" errors="0" failures="0" skipped="0" tests="15" time="8.960" timestamp="2026-02-14T18:32:57.739612+00:00" hostname="agent-env-a01c7d36-3264-4f69-baf4-5d3fb093fd5b"><testcase classname="backend.tests.test_iteration12_challenges.TestChallengesAPI" name="test_get_challenges_requires_auth" time="0.618" /><testcase classname="backend.tests.test_iteration12_challenges.TestChallengesAPI" name="test_get_challenges_stats_requires_auth" time="0.513" /><testcase classname="backend.tests.test_iteration12_challenges.TestChallengesAPI" name="test_start_challenge_requires_auth" time="0.568" /><testcase classname="backend.tests.test_iteration12_challenges.TestChallengesAPI" name="test_claim_challenge_requires_auth" time="1.270" /><testcase classname="backend.tests.test_iteration12_challenges.TestChallengesAPI" name="test_update_challenge_progress_requires_auth" time="0.538" /><testcase classname="backend.tests.test_iteration12_challenges.TestSettingsAndRoutesExist" name="test_parametres_route_protected" time="0.440" /><testcase classname="backend.tests.test_iteration12_challenges.TestSettingsAndRoutesExist" name="test_defis_route_protected" time="0.387" /><testcase classname="backend.tests.test_iteration12_challenges.TestExistingAPIsStillWork" name="test_auth_me_requires_auth" time="0.408" /><testcase classname="backend.tests.test_iteration12_challenges.TestExistingAPIsStillWork" name="test_exercises_public" time="0.670" /><testcase classname="backend.tests.test_iteration12_challenges.TestExistingAPIsStillWork" name="test_logout_works" time="0.430" /><testcase classname="backend.tests.test_iteration12_challenges.TestExistingAPIsStillWork" name="test_xp_status_requires_auth" time="0.420" /><testcase classname="backend.tests.test_iteration12_challenges.TestExistingAPIsStillWork" name="test_trophies_requires_auth" time="0.451" /><testcase classname="backend.tests.test_iteration12_challenges.TestExistingAPIsStillWork" name="test_reminders_requires_auth" time="1.262" /><testcase classname="backend.tests.test_iteration12_challenges.TestUserExportAndDelete" name="test_export_requires_auth" time="0.415" /><testcase classname="backend.tests.test_iteration12_challenges.TestUserExportAndDelete" name="test_delete_user_requires_auth" time="0.447" /></testsuite></testsuites>