<?xml version="1.0" encoding="utf-8"?><testsuites name="pytest tests"><testsuite name="pytest" errors="0" failures="0" skipped="0" tests="15" time="8.711" timestamp="2026-02-14T16:52:00.407273+00:00" hostname="agent-env-2b78376c-fef5-43fe-ae03-ea15fc59de6a"><testcase classname="backend.tests.test_exercises_trophies.TestExercisesAPI" name="test_get_all_exercises_count" time="0.907" /><testcase classname="backend.tests.test_exercises_trophies.TestExercisesAPI" name="test_exercise_categories" time="0.547" /><testcase classname="backend.tests.test_exercises_trophies.TestExercisesAPI" name="test_search_exercises_biceps" time="0.547" /><testcase classname="backend.tests.test_exercises_trophies.TestExercisesAPI" name="test_search_exercises_squat" time="0.530" /><testcase classname="backend.tests.test_exercises_trophies.TestExercisesAPI" name="test_search_exercises_yoga" time="0.429" /><testcase classname="backend.tests.test_exercises_trophies.TestExercisesAPI" name="test_search_exercises_crossfit" time="0.418" /><testcase classname="backend.tests.test_exercises_trophies.TestExercisesAPI" name="test_search_exercises_trx" time="0.402" /><testcase classname="backend.tests.test_exercises_trophies.TestExercisesAPI" name="test_search_exercises_ballon" time="1.471" /><testcase classname="backend.tests.test_exercises_trophies.TestExercisesAPI" name="test_search_with_category_filter" time="0.610" /><testcase classname="backend.tests.test_exercises_trophies.TestExercisesAPI" name="test_search_with_difficulty_filter" time="0.403" /><testcase classname="backend.tests.test_exercises_trophies.TestExercisesAPI" name="test_get_exercises_by_category" time="0.411" /><testcase classname="backend.tests.test_exercises_trophies.TestTrophiesAPI" name="test_trophies_requires_auth" time="0.405" /><testcase classname="backend.tests.test_exercises_trophies.TestXPSoundsSystem" name="test_xp_status_requires_auth" time="0.450" /><testcase classname="backend.tests.test_exercises_trophies.TestXPSoundsSystem" name="test_xp_add_requires_auth" time="0.392" /><testcase classname="backend.tests.test_exercises_trophies.TestHealthCheck" name="test_api_health" time="0.721" /></testsuite></testsuites>