<?xml version="1.0" encoding="utf-8"?><testsuites name="pytest tests"><testsuite name="pytest" errors="0" failures="0" skipped="0" tests="21" time="10.695" timestamp="2026-02-14T16:22:46.641846+00:00" hostname="agent-env-2b78376c-fef5-43fe-ae03-ea15fc59de6a"><testcase classname="backend.tests.test_phase3_4.TestProgramsPublicAPI" name="test_get_all_programs" time="0.609" /><testcase classname="backend.tests.test_phase3_4.TestProgramsPublicAPI" name="test_programs_structure" time="0.435" /><testcase classname="backend.tests.test_phase3_4.TestProgramsPublicAPI" name="test_filter_programs_by_level" time="0.533" /><testcase classname="backend.tests.test_phase3_4.TestProgramsPublicAPI" name="test_filter_programs_by_goal" time="0.427" /><testcase classname="backend.tests.test_phase3_4.TestProgramsPublicAPI" name="test_get_program_push_pull_legs_details" time="0.430" /><testcase classname="backend.tests.test_phase3_4.TestProgramsPublicAPI" name="test_get_program_full_body_beginner_details" time="0.437" /><testcase classname="backend.tests.test_phase3_4.TestProgramsPublicAPI" name="test_get_program_upper_lower_details" time="0.424" /><testcase classname="backend.tests.test_phase3_4.TestProgramsPublicAPI" name="test_get_program_weight_loss_details" time="0.778" /><testcase classname="backend.tests.test_phase3_4.TestProgramsPublicAPI" name="test_get_program_strength_5x5_details" time="0.427" /><testcase classname="backend.tests.test_phase3_4.TestProgramsPublicAPI" name="test_get_program_calisthenics_details" time="0.560" /><testcase classname="backend.tests.test_phase3_4.TestProgramsPublicAPI" name="test_get_nonexistent_program_404" time="0.484" /><testcase classname="backend.tests.test_phase3_4.TestAuthRequiredAPIs" name="test_xp_status_requires_auth" time="0.446" /><testcase classname="backend.tests.test_phase3_4.TestAuthRequiredAPIs" name="test_xp_add_requires_auth" time="0.460" /><testcase classname="backend.tests.test_phase3_4.TestAuthRequiredAPIs" name="test_trophies_requires_auth" time="0.419" /><testcase classname="backend.tests.test_phase3_4.TestAuthRequiredAPIs" name="test_programs_start_requires_auth" time="0.477" /><testcase classname="backend.tests.test_phase3_4.TestAuthRequiredAPIs" name="test_active_program_requires_auth" time="0.429" /><testcase classname="backend.tests.test_phase3_4.TestXPSystemLogic" name="test_xp_rewards_defined" time="0.443" /><testcase classname="backend.tests.test_phase3_4.TestXPSystemLogic" name="test_level_thresholds_exist" time="1.043" /><testcase classname="backend.tests.test_phase3_4.TestTrophiesSystemLogic" name="test_trophies_endpoint_exists" time="0.422" /><testcase classname="backend.tests.test_phase3_4.TestScheduleValidation" name="test_all_programs_have_valid_schedules" time="0.414" /><testcase classname="backend.tests.test_phase3_4.TestScheduleValidation" name="test_programs_total_duration" time="0.458" /></testsuite></testsuites>