<?xml version="1.0" encoding="utf-8"?><testsuites name="pytest tests"><testsuite name="pytest" errors="0" failures="0" skipped="0" tests="16" time="10.615" timestamp="2026-02-14T16:04:11.386943+00:00" hostname="agent-env-2b78376c-fef5-43fe-ae03-ea15fc59de6a"><testcase classname="backend.tests.test_exercises_v2.TestExercisesAPI" name="test_exercises_count" time="0.951" /><testcase classname="backend.tests.test_exercises_v2.TestExercisesAPI" name="test_exercises_categories_exist" time="0.852" /><testcase classname="backend.tests.test_exercises_v2.TestExercisesAPI" name="test_exercises_category_distribution" time="0.937" /><testcase classname="backend.tests.test_exercises_v2.TestExercisesAPI" name="test_exercises_filter_chest" time="0.570" /><testcase classname="backend.tests.test_exercises_v2.TestExercisesAPI" name="test_exercises_filter_back" time="0.553" /><testcase classname="backend.tests.test_exercises_v2.TestExercisesAPI" name="test_exercises_filter_legs" time="0.402" /><testcase classname="backend.tests.test_exercises_v2.TestExercisesAPI" name="test_exercises_filter_shoulders" time="0.475" /><testcase classname="backend.tests.test_exercises_v2.TestExercisesAPI" name="test_exercises_filter_arms" time="0.478" /><testcase classname="backend.tests.test_exercises_v2.TestExercisesAPI" name="test_exercises_filter_core" time="0.441" /><testcase classname="backend.tests.test_exercises_v2.TestExercisesAPI" name="test_exercises_filter_cardio" time="0.444" /><testcase classname="backend.tests.test_exercises_v2.TestExercisesAPI" name="test_exercise_required_fields" time="0.700" /><testcase classname="backend.tests.test_exercises_v2.TestExercisesAPI" name="test_exercise_valid_difficulties" time="0.502" /><testcase classname="backend.tests.test_exercises_v2.TestExercisesAPI" name="test_exercise_by_id" time="1.202" /><testcase classname="backend.tests.test_exercises_v2.TestExercisesAPI" name="test_exercise_by_invalid_id" time="0.406" /><testcase classname="backend.tests.test_exercises_v2.TestExercisesRefresh" name="test_init_exercises_idempotent" time="0.446" /><testcase classname="backend.tests.test_exercises_v2.TestExercisesRefresh" name="test_refresh_exercises" time="1.092" /></testsuite></testsuites>