<?xml version="1.0" encoding="utf-8"?><testsuites name="pytest tests"><testsuite name="pytest" errors="0" failures="0" skipped="1" tests="17" time="13.110" timestamp="2026-02-14T14:49:12.033585+00:00" hostname="agent-env-1396e2c1-e3fa-4cbc-8481-19ce5f4aa736"><testcase classname="backend.tests.test_exercises.TestExercisesAPI" name="test_get_all_exercises_returns_130" time="0.818" /><testcase classname="backend.tests.test_exercises.TestExercisesAPI" name="test_exercises_have_required_fields" time="0.756" /><testcase classname="backend.tests.test_exercises.TestExercisesAPI" name="test_exercises_distribution_by_category" time="0.540" /><testcase classname="backend.tests.test_exercises.TestExercisesAPI" name="test_filter_exercises_by_category" time="3.429" /><testcase classname="backend.tests.test_exercises.TestExercisesAPI" name="test_exercise_field_types" time="0.587" /><testcase classname="backend.tests.test_exercises.TestExercisesAPI" name="test_valid_categories" time="0.530" /><testcase classname="backend.tests.test_exercises.TestExercisesAPI" name="test_valid_difficulty_levels" time="0.646" /><testcase classname="backend.tests.test_exercises.TestExercisesAPI" name="test_get_single_exercise" time="0.985" /><testcase classname="backend.tests.test_exercises.TestExercisesAPI" name="test_nonexistent_exercise_returns_404" time="0.400" /><testcase classname="backend.tests.test_exercises.TestWorkoutsAPI" name="test_create_workout_with_exercises" time="0.829"><skipped type="pytest.skip" message="Authentication required for workout creation">/app/backend/tests/test_exercises.py:216: Authentication required for workout creation</skipped></testcase><testcase classname="backend.tests.test_exercises.TestExerciseContent" name="test_all_chest_exercises" time="0.401" /><testcase classname="backend.tests.test_exercises.TestExerciseContent" name="test_all_back_exercises" time="0.417" /><testcase classname="backend.tests.test_exercises.TestExerciseContent" name="test_all_leg_exercises" time="0.710" /><testcase classname="backend.tests.test_exercises.TestExerciseContent" name="test_all_shoulder_exercises" time="0.588" /><testcase classname="backend.tests.test_exercises.TestExerciseContent" name="test_all_arm_exercises" time="0.485" /><testcase classname="backend.tests.test_exercises.TestExerciseContent" name="test_all_core_exercises" time="0.404" /><testcase classname="backend.tests.test_exercises.TestExerciseContent" name="test_all_cardio_exercises" time="0.395" /></testsuite></testsuites>