<?xml version="1.0" encoding="utf-8"?><testsuites name="pytest tests"><testsuite name="pytest" errors="0" failures="0" skipped="0" tests="22" time="11.400" timestamp="2026-02-14T19:08:41.029427+00:00" hostname="agent-env-d92024d8-eebc-4722-b3ec-b704abb2d9e9"><testcase classname="backend.tests.test_iteration13_video_features.TestExercisesAndVideoURLs" name="test_exercises_endpoint_returns_data" time="0.896" /><testcase classname="backend.tests.test_iteration13_video_features.TestExercisesAndVideoURLs" name="test_exercises_have_video_urls" time="0.851" /><testcase classname="backend.tests.test_iteration13_video_features.TestExercisesAndVideoURLs" name="test_exercises_filter_by_category" time="0.487" /><testcase classname="backend.tests.test_iteration13_video_features.TestExercisesAndVideoURLs" name="test_exercises_search_endpoint" time="0.548" /><testcase classname="backend.tests.test_iteration13_video_features.TestExercisesAndVideoURLs" name="test_single_exercise_endpoint" time="1.041" /><testcase classname="backend.tests.test_iteration13_video_features.TestChallengesAPI" name="test_challenges_requires_auth" time="0.387" /><testcase classname="backend.tests.test_iteration13_video_features.TestChallengesAPI" name="test_challenges_stats_requires_auth" time="0.396" /><testcase classname="backend.tests.test_iteration13_video_features.TestChallengesAPI" name="test_start_challenge_requires_auth" time="0.419" /><testcase classname="backend.tests.test_iteration13_video_features.TestChallengesAPI" name="test_claim_challenge_requires_auth" time="0.570" /><testcase classname="backend.tests.test_iteration13_video_features.TestRemindersAPI" name="test_reminders_requires_auth" time="0.621" /><testcase classname="backend.tests.test_iteration13_video_features.TestRemindersAPI" name="test_create_reminder_requires_auth" time="0.420" /><testcase classname="backend.tests.test_iteration13_video_features.TestRemindersAPI" name="test_delete_reminder_requires_auth" time="0.416" /><testcase classname="backend.tests.test_iteration13_video_features.TestRemindersAPI" name="test_toggle_reminder_requires_auth" time="0.398" /><testcase classname="backend.tests.test_iteration13_video_features.TestHistoryDeletionAPI" name="test_delete_all_workouts_requires_auth" time="0.519" /><testcase classname="backend.tests.test_iteration13_video_features.TestHistoryDeletionAPI" name="test_delete_all_meals_requires_auth" time="0.426" /><testcase classname="backend.tests.test_iteration13_video_features.TestHistoryDeletionAPI" name="test_delete_all_steps_requires_auth" time="0.477" /><testcase classname="backend.tests.test_iteration13_video_features.TestHistoryDeletionAPI" name="test_delete_all_hydration_requires_auth" time="0.427" /><testcase classname="backend.tests.test_iteration13_video_features.TestHistoryDeletionAPI" name="test_delete_all_history_requires_auth" time="0.410" /><testcase classname="backend.tests.test_iteration13_video_features.TestFrontendRoutes" name="test_sport_page_route" time="0.394" /><testcase classname="backend.tests.test_iteration13_video_features.TestFrontendRoutes" name="test_defis_page_route" time="0.439" /><testcase classname="backend.tests.test_iteration13_video_features.TestFrontendRoutes" name="test_rappels_page_route" time="0.438" /><testcase classname="backend.tests.test_iteration13_video_features.TestFrontendRoutes" name="test_parametres_page_route" time="0.301" /></testsuite></testsuites>