<?xml version="1.0" encoding="utf-8"?><testsuites name="pytest tests"><testsuite name="pytest" errors="0" failures="0" skipped="0" tests="13" time="6.938" timestamp="2026-02-14T19:36:07.858772+00:00" hostname="agent-env-d92024d8-eebc-4722-b3ec-b704abb2d9e9"><testcase classname="backend.tests.test_iteration15_history_streak.TestHistoryDeletionAPI" name="test_delete_workouts_history_requires_auth" time="0.564" /><testcase classname="backend.tests.test_iteration15_history_streak.TestHistoryDeletionAPI" name="test_delete_meals_history_requires_auth" time="0.659" /><testcase classname="backend.tests.test_iteration15_history_streak.TestHistoryDeletionAPI" name="test_delete_steps_history_requires_auth" time="0.523" /><testcase classname="backend.tests.test_iteration15_history_streak.TestHistoryDeletionAPI" name="test_delete_hydration_history_requires_auth" time="0.404" /><testcase classname="backend.tests.test_iteration15_history_streak.TestHistoryDeletionAPI" name="test_delete_all_history_requires_auth" time="0.456" /><testcase classname="backend.tests.test_iteration15_history_streak.TestSettingsRelatedAPIs" name="test_auth_me_requires_auth" time="0.404" /><testcase classname="backend.tests.test_iteration15_history_streak.TestSettingsRelatedAPIs" name="test_users_me_put_requires_auth" time="0.449" /><testcase classname="backend.tests.test_iteration15_history_streak.TestSettingsRelatedAPIs" name="test_users_me_export_requires_auth" time="0.450" /><testcase classname="backend.tests.test_iteration15_history_streak.TestSettingsRelatedAPIs" name="test_users_me_delete_requires_auth" time="0.410" /><testcase classname="backend.tests.test_iteration15_history_streak.TestPublicEndpoints" name="test_exercises_count" time="0.744" /><testcase classname="backend.tests.test_iteration15_history_streak.TestPublicEndpoints" name="test_exercises_endpoint_is_public" time="0.937" /><testcase classname="backend.tests.test_iteration15_history_streak.TestPerformanceAPIsAuth" name="test_performance_stats_requires_auth" time="0.401" /><testcase classname="backend.tests.test_iteration15_history_streak.TestPerformanceAPIsAuth" name="test_performance_workout_days_requires_auth" time="0.433" /></testsuite></testsuites>