<?xml version="1.0" encoding="utf-8"?><testsuites name="pytest tests"><testsuite name="pytest" errors="0" failures="0" skipped="0" tests="19" time="10.816" timestamp="2026-02-14T17:34:30.194619+00:00" hostname="agent-env-a01c7d36-3264-4f69-baf4-5d3fb093fd5b"><testcase classname="backend.tests.test_iteration10_apis.TestHydrationAPI" name="test_get_hydration_requires_auth" time="0.475" /><testcase classname="backend.tests.test_iteration10_apis.TestHydrationAPI" name="test_add_water_requires_auth" time="0.421" /><testcase classname="backend.tests.test_iteration10_apis.TestHydrationAPI" name="test_remove_water_requires_auth" time="0.530" /><testcase classname="backend.tests.test_iteration10_apis.TestStepsAPI" name="test_get_steps_requires_auth" time="0.388" /><testcase classname="backend.tests.test_iteration10_apis.TestStepsAPI" name="test_update_steps_requires_auth" time="0.522" /><testcase classname="backend.tests.test_iteration10_apis.TestStepsAPI" name="test_get_steps_history_requires_auth" time="0.396" /><testcase classname="backend.tests.test_iteration10_apis.TestRemindersAPI" name="test_get_reminders_requires_auth" time="0.405" /><testcase classname="backend.tests.test_iteration10_apis.TestRemindersAPI" name="test_create_reminder_requires_auth" time="0.613" /><testcase classname="backend.tests.test_iteration10_apis.TestRemindersAPI" name="test_delete_reminder_requires_auth" time="0.538" /><testcase classname="backend.tests.test_iteration10_apis.TestRemindersAPI" name="test_toggle_reminder_requires_auth" time="0.422" /><testcase classname="backend.tests.test_iteration10_apis.TestHistoryDeletionAPI" name="test_delete_all_history_hydration_requires_auth" time="0.389" /><testcase classname="backend.tests.test_iteration10_apis.TestHistoryDeletionAPI" name="test_delete_all_history_steps_requires_auth" time="0.430" /><testcase classname="backend.tests.test_iteration10_apis.TestHistoryDeletionAPI" name="test_delete_hydration_by_date_requires_auth" time="0.406" /><testcase classname="backend.tests.test_iteration10_apis.TestHistoryDeletionAPI" name="test_delete_steps_by_date_requires_auth" time="0.399" /><testcase classname="backend.tests.test_iteration10_apis.TestPublicExercisesAPI" name="test_get_exercises_no_auth_required" time="0.791" /><testcase classname="backend.tests.test_iteration10_apis.TestPublicExercisesAPI" name="test_search_exercises_no_auth_required" time="0.452" /><testcase classname="backend.tests.test_iteration10_apis.TestAPIEndpointExistence" name="test_hydration_endpoints_exist" time="1.955" /><testcase classname="backend.tests.test_iteration10_apis.TestAPIEndpointExistence" name="test_steps_endpoints_exist" time="0.797" /><testcase classname="backend.tests.test_iteration10_apis.TestAPIEndpointExistence" name="test_reminders_endpoints_exist" time="0.409" /></testsuite></testsuites>