<?xml version="1.0" encoding="utf-8"?><testsuites name="pytest tests"><testsuite name="pytest" errors="0" failures="0" skipped="0" tests="20" time="10.341" timestamp="2026-02-14T15:11:43.349803+00:00" hostname="agent-env-1396e2c1-e3fa-4cbc-8481-19ce5f4aa736"><testcase classname="backend.tests.test_phase1.TestExercisesDatabase" name="test_exercises_count_is_180" time="0.712" /><testcase classname="backend.tests.test_phase1.TestExercisesDatabase" name="test_all_categories_present" time="0.412" /><testcase classname="backend.tests.test_phase1.TestExercisesDatabase" name="test_category_distribution" time="0.461" /><testcase classname="backend.tests.test_phase1.TestExercisesDatabase" name="test_new_equipment_hammer_strength" time="0.744" /><testcase classname="backend.tests.test_phase1.TestExercisesDatabase" name="test_new_equipment_kettlebell" time="0.462" /><testcase classname="backend.tests.test_phase1.TestExercisesDatabase" name="test_new_equipment_landmine" time="0.670" /><testcase classname="backend.tests.test_phase1.TestExercisesDatabase" name="test_new_equipment_battle_ropes" time="0.885" /><testcase classname="backend.tests.test_phase1.TestExercisesDatabase" name="test_new_equipment_ski_erg" time="0.604" /><testcase classname="backend.tests.test_phase1.TestExercisesDatabase" name="test_new_equipment_resistance_bands" time="0.563" /><testcase classname="backend.tests.test_phase1.TestExercisesDatabase" name="test_cardio_category_has_interval_capable_exercises" time="0.441" /><testcase classname="backend.tests.test_phase1.TestExercisesDatabase" name="test_exercise_fields_complete" time="0.601" /><testcase classname="backend.tests.test_phase1.TestDangerZoneEndpoints" name="test_export_data_requires_auth" time="0.414" /><testcase classname="backend.tests.test_phase1.TestDangerZoneEndpoints" name="test_delete_account_requires_auth" time="0.390" /><testcase classname="backend.tests.test_phase1.TestCategoryFiltering" name="test_filter_by_category[chest]" time="0.388" /><testcase classname="backend.tests.test_phase1.TestCategoryFiltering" name="test_filter_by_category[back]" time="0.399" /><testcase classname="backend.tests.test_phase1.TestCategoryFiltering" name="test_filter_by_category[legs]" time="0.430" /><testcase classname="backend.tests.test_phase1.TestCategoryFiltering" name="test_filter_by_category[shoulders]" time="0.413" /><testcase classname="backend.tests.test_phase1.TestCategoryFiltering" name="test_filter_by_category[arms]" time="0.456" /><testcase classname="backend.tests.test_phase1.TestCategoryFiltering" name="test_filter_by_category[core]" time="0.386" /><testcase classname="backend.tests.test_phase1.TestCategoryFiltering" name="test_filter_by_category[cardio]" time="0.407" /></testsuite></testsuites>