<?xml version="1.0" encoding="utf-8"?><testsuites name="pytest tests"><testsuite name="pytest" errors="0" failures="1" skipped="0" tests="15" time="7.645" timestamp="2026-02-14T21:00:59.813819+00:00" hostname="agent-env-35c7098e-c555-4169-824c-e9a0ed1a089d"><testcase classname="backend.tests.test_iteration19_new_features.TestPublicEndpoints" name="test_exercises_public" time="0.911" /><testcase classname="backend.tests.test_iteration19_new_features.TestPublicEndpoints" name="test_exercises_search_public" time="0.544" /><testcase classname="backend.tests.test_iteration19_new_features.TestSleepTrackingAuth" name="test_get_sleep_requires_auth" time="0.446" /><testcase classname="backend.tests.test_iteration19_new_features.TestSleepTrackingAuth" name="test_post_sleep_requires_auth" time="0.495" /><testcase classname="backend.tests.test_iteration19_new_features.TestSleepTrackingAuth" name="test_delete_sleep_requires_auth" time="0.402" /><testcase classname="backend.tests.test_iteration19_new_features.TestProgressionCalendarAuth" name="test_get_progression_calendar_requires_auth" time="0.520" /><testcase classname="backend.tests.test_iteration19_new_features.TestSmartPlanningAuth" name="test_generate_planning_requires_auth" time="0.382" /><testcase classname="backend.tests.test_iteration19_new_features.TestSmartPlanningAuth" name="test_get_current_planning_requires_auth" time="0.428" /><testcase classname="backend.tests.test_iteration19_new_features.TestSmartPlanningAuth" name="test_get_planning_history_requires_auth" time="0.566" /><testcase classname="backend.tests.test_iteration19_new_features.TestProgramsImportExportAuth" name="test_import_program_requires_auth" time="0.706" /><testcase classname="backend.tests.test_iteration19_new_features.TestProgramsImportExportAuth" name="test_export_program_requires_auth" time="0.400" /><testcase classname="backend.tests.test_iteration19_new_features.TestNutritionAnalyzeAuth" name="test_nutrition_analyze_requires_auth" time="0.429" /><testcase classname="backend.tests.test_iteration19_new_features.TestExistingEndpoints" name="test_programs_list_requires_auth" time="0.406"><failure message="assert 200 == 401&#10; +  where 200 = &lt;Response [200]&gt;.status_code">backend/tests/test_iteration19_new_features.py:137: in test_programs_list_requires_auth
    assert response.status_code == 401
E   assert 200 == 401
E    +  where 200 = &lt;Response [200]&gt;.status_code</failure></testcase><testcase classname="backend.tests.test_iteration19_new_features.TestExistingEndpoints" name="test_meals_requires_auth" time="0.410" /><testcase classname="backend.tests.test_iteration19_new_features.TestExistingEndpoints" name="test_workouts_requires_auth" time="0.459" /></testsuite></testsuites>