<?xml version="1.0" encoding="utf-8"?><testsuites name="pytest tests"><testsuite name="pytest" errors="0" failures="0" skipped="0" tests="12" time="5.853" timestamp="2026-02-14T19:50:32.541802+00:00" hostname="agent-env-d92024d8-eebc-4722-b3ec-b704abb2d9e9"><testcase classname="backend.tests.test_iteration16_streak_badges.TestStreakBadgesAPI" name="test_streak_badges_requires_auth" time="0.561" /><testcase classname="backend.tests.test_iteration16_streak_badges.TestStreakBadgesAPI" name="test_claim_streak_badge_7_requires_auth" time="0.417" /><testcase classname="backend.tests.test_iteration16_streak_badges.TestStreakBadgesAPI" name="test_claim_streak_badge_30_requires_auth" time="0.537" /><testcase classname="backend.tests.test_iteration16_streak_badges.TestStreakBadgesAPI" name="test_claim_streak_badge_100_requires_auth" time="0.517" /><testcase classname="backend.tests.test_iteration16_streak_badges.TestStreakBadgesAPI" name="test_claim_streak_badge_365_requires_auth" time="0.422" /><testcase classname="backend.tests.test_iteration16_streak_badges.TestStreakBadgesAPI" name="test_claim_invalid_badge_still_requires_auth" time="0.476" /><testcase classname="backend.tests.test_iteration16_streak_badges.TestOtherAuthEndpoints" name="test_auth_me_requires_auth" time="0.416" /><testcase classname="backend.tests.test_iteration16_streak_badges.TestOtherAuthEndpoints" name="test_users_me_requires_auth" time="0.420" /><testcase classname="backend.tests.test_iteration16_streak_badges.TestOtherAuthEndpoints" name="test_delete_users_me_requires_auth" time="0.391" /><testcase classname="backend.tests.test_iteration16_streak_badges.TestOtherAuthEndpoints" name="test_exercises_public" time="0.738" /><testcase classname="backend.tests.test_iteration16_streak_badges.TestPerformanceEndpoints" name="test_performance_stats_requires_auth" time="0.411" /><testcase classname="backend.tests.test_iteration16_streak_badges.TestPerformanceEndpoints" name="test_performance_workout_days_requires_auth" time="0.449" /></testsuite></testsuites>