<?xml version="1.0" encoding="utf-8"?><testsuites name="pytest tests"><testsuite name="pytest" errors="0" failures="0" skipped="0" tests="22" time="11.244" timestamp="2026-02-14T18:10:01.773956+00:00" hostname="agent-env-a01c7d36-3264-4f69-baf4-5d3fb093fd5b"><testcase classname="backend.tests.test_iteration11_apis.TestUserUpdateWithOnboardingFields" name="test_users_me_endpoint_exists" time="0.570" /><testcase classname="backend.tests.test_iteration11_apis.TestUserUpdateWithOnboardingFields" name="test_users_me_rejects_unauthenticated" time="0.527" /><testcase classname="backend.tests.test_iteration11_apis.TestStepsTargetEndpoint" name="test_steps_target_endpoint_exists" time="0.570" /><testcase classname="backend.tests.test_iteration11_apis.TestStepsTargetEndpoint" name="test_steps_target_requires_auth" time="0.862" /><testcase classname="backend.tests.test_iteration11_apis.TestStepsTargetEndpoint" name="test_steps_endpoint_exists" time="0.407" /><testcase classname="backend.tests.test_iteration11_apis.TestStepsTargetEndpoint" name="test_steps_post_endpoint_exists" time="0.468" /><testcase classname="backend.tests.test_iteration11_apis.TestRemindersEndpoints" name="test_get_reminders_exists" time="0.427" /><testcase classname="backend.tests.test_iteration11_apis.TestRemindersEndpoints" name="test_post_reminders_exists" time="0.394" /><testcase classname="backend.tests.test_iteration11_apis.TestRemindersEndpoints" name="test_delete_reminders_exists" time="0.524" /><testcase classname="backend.tests.test_iteration11_apis.TestRemindersEndpoints" name="test_toggle_reminders_exists" time="0.407" /><testcase classname="backend.tests.test_iteration11_apis.TestPublicExercisesAPI" name="test_exercises_public" time="0.725" /><testcase classname="backend.tests.test_iteration11_apis.TestPublicExercisesAPI" name="test_exercises_search_public" time="0.420" /><testcase classname="backend.tests.test_iteration11_apis.TestHydrationEndpoints" name="test_get_hydration_exists" time="0.435" /><testcase classname="backend.tests.test_iteration11_apis.TestHydrationEndpoints" name="test_hydration_add_exists" time="0.401" /><testcase classname="backend.tests.test_iteration11_apis.TestHydrationEndpoints" name="test_hydration_remove_exists" time="0.436" /><testcase classname="backend.tests.test_iteration11_apis.TestAuthEndpoints" name="test_auth_me_requires_auth" time="0.525" /><testcase classname="backend.tests.test_iteration11_apis.TestAuthEndpoints" name="test_auth_logout_exists" time="0.410" /><testcase classname="backend.tests.test_iteration11_apis.TestOnboardingFieldsValidation" name="test_onboarding_model_fields" time="0.412" /><testcase classname="backend.tests.test_iteration11_apis.TestPerformanceAndWorkoutEndpoints" name="test_workouts_endpoint_exists" time="0.426" /><testcase classname="backend.tests.test_iteration11_apis.TestPerformanceAndWorkoutEndpoints" name="test_meals_endpoint_exists" time="0.429" /><testcase classname="backend.tests.test_iteration11_apis.TestPerformanceAndWorkoutEndpoints" name="test_performance_stats_endpoint_exists" time="0.407" /><testcase classname="backend.tests.test_iteration11_apis.TestPerformanceAndWorkoutEndpoints" name="test_xp_status_endpoint_exists" time="0.930" /></testsuite></testsuites>