<?xml version="1.0" encoding="utf-8"?><testsuites name="pytest tests"><testsuite name="pytest" errors="0" failures="0" skipped="0" tests="12" time="6.782" timestamp="2026-02-14T17:15:49.124775+00:00" hostname="agent-env-a01c7d36-3264-4f69-baf4-5d3fb093fd5b"><testcase classname="backend.tests.test_iteration9_apis.TestExercisesAPI" name="test_exercises_endpoint_status" time="0.836" /><testcase classname="backend.tests.test_iteration9_apis.TestExercisesAPI" name="test_exercises_returns_list" time="0.764" /><testcase classname="backend.tests.test_iteration9_apis.TestExercisesAPI" name="test_exercises_have_required_fields" time="0.837" /><testcase classname="backend.tests.test_iteration9_apis.TestExercisesAPI" name="test_exercises_filter_by_category" time="0.438" /><testcase classname="backend.tests.test_iteration9_apis.TestExerciseSearchAPI" name="test_search_squat" time="0.519" /><testcase classname="backend.tests.test_iteration9_apis.TestExerciseSearchAPI" name="test_search_biceps" time="0.393" /><testcase classname="backend.tests.test_iteration9_apis.TestExerciseSearchAPI" name="test_search_with_category_filter" time="0.398" /><testcase classname="backend.tests.test_iteration9_apis.TestExerciseSearchAPI" name="test_search_empty_query" time="0.437" /><testcase classname="backend.tests.test_iteration9_apis.TestTrophiesAPI" name="test_trophies_requires_auth" time="0.402" /><testcase classname="backend.tests.test_iteration9_apis.TestTrophiesAPI" name="test_trophies_error_message" time="0.418" /><testcase classname="backend.tests.test_iteration9_apis.TestXPStatusAPI" name="test_xp_status_requires_auth" time="0.436" /><testcase classname="backend.tests.test_iteration9_apis.TestHealthCheck" name="test_api_root_accessible" time="0.831" /></testsuite></testsuites>