<?xml version="1.0" encoding="utf-8"?><testsuites name="pytest tests"><testsuite name="pytest" errors="0" failures="0" skipped="0" tests="13" time="7.708" timestamp="2026-02-14T20:16:08.260544+00:00" hostname="agent-env-67885686-f14c-4791-b5c3-5b3741451ef5"><testcase classname="backend.tests.test_iteration18_nutrition_challenges_reminders.TestNutritionScoreEndpoints" name="test_nutrition_score_requires_auth" time="0.444" /><testcase classname="backend.tests.test_iteration18_nutrition_challenges_reminders.TestNutritionScoreEndpoints" name="test_claim_nutrition_badge_requires_auth" time="2.227" /><testcase classname="backend.tests.test_iteration18_nutrition_challenges_reminders.TestChallengesEndpoints" name="test_get_challenges_requires_auth" time="0.527" /><testcase classname="backend.tests.test_iteration18_nutrition_challenges_reminders.TestChallengesEndpoints" name="test_get_challenges_stats_requires_auth" time="0.435" /><testcase classname="backend.tests.test_iteration18_nutrition_challenges_reminders.TestChallengesEndpoints" name="test_start_challenge_requires_auth" time="0.408" /><testcase classname="backend.tests.test_iteration18_nutrition_challenges_reminders.TestChallengesEndpoints" name="test_claim_challenge_requires_auth" time="0.419" /><testcase classname="backend.tests.test_iteration18_nutrition_challenges_reminders.TestRemindersEndpoints" name="test_get_reminders_requires_auth" time="0.386" /><testcase classname="backend.tests.test_iteration18_nutrition_challenges_reminders.TestRemindersEndpoints" name="test_create_reminder_requires_auth" time="0.510" /><testcase classname="backend.tests.test_iteration18_nutrition_challenges_reminders.TestRemindersEndpoints" name="test_update_reminder_requires_auth" time="0.410" /><testcase classname="backend.tests.test_iteration18_nutrition_challenges_reminders.TestRemindersEndpoints" name="test_delete_reminder_requires_auth" time="0.394" /><testcase classname="backend.tests.test_iteration18_nutrition_challenges_reminders.TestRemindersEndpoints" name="test_toggle_reminder_requires_auth" time="0.389" /><testcase classname="backend.tests.test_iteration18_nutrition_challenges_reminders.TestPublicEndpointsStillWork" name="test_exercises_list_is_public" time="0.686" /><testcase classname="backend.tests.test_iteration18_nutrition_challenges_reminders.TestPublicEndpointsStillWork" name="test_exercises_search_is_public" time="0.405" /></testsuite></testsuites>