<?xml version="1.0" encoding="utf-8"?><testsuites name="pytest tests"><testsuite name="pytest" errors="0" failures="0" skipped="0" tests="11" time="6.732" timestamp="2026-02-14T20:06:31.157875+00:00" hostname="agent-env-67885686-f14c-4791-b5c3-5b3741451ef5"><testcase classname="backend.tests.test_iteration17_features.TestHistoryDeletionEndpoint" name="test_delete_history_requires_auth" time="0.643" /><testcase classname="backend.tests.test_iteration17_features.TestHistoryDeletionEndpoint" name="test_delete_meals_history_requires_auth" time="0.520" /><testcase classname="backend.tests.test_iteration17_features.TestHistoryDeletionEndpoint" name="test_delete_steps_history_requires_auth" time="0.501" /><testcase classname="backend.tests.test_iteration17_features.TestHistoryDeletionEndpoint" name="test_delete_hydration_history_requires_auth" time="0.509" /><testcase classname="backend.tests.test_iteration17_features.TestHistoryDeletionEndpoint" name="test_delete_all_history_requires_auth" time="0.418" /><testcase classname="backend.tests.test_iteration17_features.TestStreakBadgesOnTrophies" name="test_get_streak_badges_requires_auth" time="0.388" /><testcase classname="backend.tests.test_iteration17_features.TestStreakBadgesOnTrophies" name="test_claim_streak_badge_7_requires_auth" time="1.599" /><testcase classname="backend.tests.test_iteration17_features.TestStreakBadgesOnTrophies" name="test_claim_streak_badge_30_requires_auth" time="0.404" /><testcase classname="backend.tests.test_iteration17_features.TestTrophiesEndpoint" name="test_get_trophies_requires_auth" time="0.415" /><testcase classname="backend.tests.test_iteration17_features.TestPublicEndpoints" name="test_get_exercises_is_public" time="0.770" /><testcase classname="backend.tests.test_iteration17_features.TestPublicEndpoints" name="test_exercises_search" time="0.507" /></testsuite></testsuites>