<?xml version="1.0" encoding="utf-8"?><testsuites name="pytest tests"><testsuite name="pytest" errors="0" failures="0" skipped="0" tests="20" time="10.982" timestamp="2026-02-14T19:23:32.088637+00:00" hostname="agent-env-d92024d8-eebc-4722-b3ec-b704abb2d9e9"><testcase classname="backend.tests.test_iteration14_streak_onboarding.TestWorkoutDaysAPI" name="test_workout_days_requires_auth" time="0.569" /><testcase classname="backend.tests.test_iteration14_streak_onboarding.TestWorkoutDaysAPI" name="test_workout_days_with_month_params_requires_auth" time="0.392" /><testcase classname="backend.tests.test_iteration14_streak_onboarding.TestWorkoutDaysAPI" name="test_workout_days_past_month_requires_auth" time="0.544" /><testcase classname="backend.tests.test_iteration14_streak_onboarding.TestPerformanceStatsAPI" name="test_stats_requires_auth" time="0.688" /><testcase classname="backend.tests.test_iteration14_streak_onboarding.TestHistoryDeleteAPI" name="test_delete_workouts_requires_auth" time="0.546" /><testcase classname="backend.tests.test_iteration14_streak_onboarding.TestHistoryDeleteAPI" name="test_delete_meals_requires_auth" time="0.500" /><testcase classname="backend.tests.test_iteration14_streak_onboarding.TestHistoryDeleteAPI" name="test_delete_steps_requires_auth" time="1.318" /><testcase classname="backend.tests.test_iteration14_streak_onboarding.TestHistoryDeleteAPI" name="test_delete_hydration_requires_auth" time="0.427" /><testcase classname="backend.tests.test_iteration14_streak_onboarding.TestHistoryDeleteAPI" name="test_delete_all_requires_auth" time="0.594" /><testcase classname="backend.tests.test_iteration14_streak_onboarding.TestPublicEndpoints" name="test_exercises_public" time="0.721" /><testcase classname="backend.tests.test_iteration14_streak_onboarding.TestPublicEndpoints" name="test_exercises_by_category" time="0.397" /><testcase classname="backend.tests.test_iteration14_streak_onboarding.TestAuthProtectedEndpoints" name="test_auth_me_requires_auth" time="0.417" /><testcase classname="backend.tests.test_iteration14_streak_onboarding.TestAuthProtectedEndpoints" name="test_workouts_requires_auth" time="0.430" /><testcase classname="backend.tests.test_iteration14_streak_onboarding.TestAuthProtectedEndpoints" name="test_meals_requires_auth" time="0.422" /><testcase classname="backend.tests.test_iteration14_streak_onboarding.TestAuthProtectedEndpoints" name="test_workout_logs_requires_auth" time="0.521" /><testcase classname="backend.tests.test_iteration14_streak_onboarding.TestAuthProtectedEndpoints" name="test_users_me_update_requires_auth" time="0.440" /><testcase classname="backend.tests.test_iteration14_streak_onboarding.TestAuthProtectedEndpoints" name="test_xp_status_requires_auth" time="0.629" /><testcase classname="backend.tests.test_iteration14_streak_onboarding.TestAuthProtectedEndpoints" name="test_trophies_requires_auth" time="0.438" /><testcase classname="backend.tests.test_iteration14_streak_onboarding.TestAuthProtectedEndpoints" name="test_challenges_requires_auth" time="0.465" /><testcase classname="backend.tests.test_iteration14_streak_onboarding.TestAuthProtectedEndpoints" name="test_reminders_requires_auth" time="0.465" /></testsuite></testsuites>